<?xml version="1.0" encoding="UTF-8"?>
<testng-results skipped="0" failed="2" total="3" passed="1">
  <reporter-output>
  </reporter-output>
  <suite name="Default suite" duration-ms="43100" started-at="2019-05-19T17:28:08Z" finished-at="2019-05-19T17:28:52Z">
    <groups>
    </groups>
    <test name="Default test" duration-ms="43100" started-at="2019-05-19T17:28:08Z" finished-at="2019-05-19T17:28:52Z">
      <class name="com.ap.ui.testcases.LoginTest">
        <test-method status="PASS" signature="setupDriver()[pri:0, instance:com.ap.ui.testcases.LoginTest@2f7c7260]" name="setupDriver" is-config="true" duration-ms="7180" started-at="2019-05-19T13:28:08Z" finished-at="2019-05-19T13:28:16Z">
          <reporter-output>
          </reporter-output>
        </test-method> <!-- setupDriver -->
        <test-method status="FAIL" signature="loginPageTitleTest()[pri:1, instance:com.ap.ui.testcases.LoginTest@2f7c7260]" name="loginPageTitleTest" duration-ms="28" started-at="2019-05-19T13:28:16Z" finished-at="2019-05-19T13:28:16Z">
          <exception class="junit.framework.ComparisonFailure">
            <message>
              <![CDATA[expected:<...> but was:<Login - ...>]]>
            </message>
            <full-stacktrace>
              <![CDATA[junit.framework.ComparisonFailure: expected:<...> but was:<Login - ...>
	at junit.framework.Assert.assertEquals(Assert.java:81)
	at junit.framework.Assert.assertEquals(Assert.java:87)
	at com.ap.ui.testcases.LoginTest.loginPageTitleTest(LoginTest.java:41)
	at sun.reflect.NativeMethodAccessorImpl.invoke0(Native Method)
	at sun.reflect.NativeMethodAccessorImpl.invoke(Unknown Source)
	at sun.reflect.DelegatingMethodAccessorImpl.invoke(Unknown Source)
	at java.lang.reflect.Method.invoke(Unknown Source)
	at org.testng.internal.MethodInvocationHelper.invokeMethod(MethodInvocationHelper.java:86)
	at org.testng.internal.Invoker.invokeMethod(Invoker.java:643)
	at org.testng.internal.Invoker.invokeTestMethod(Invoker.java:820)
	at org.testng.internal.Invoker.invokeTestMethods(Invoker.java:1128)
	at org.testng.internal.TestMethodWorker.invokeTestMethods(TestMethodWorker.java:129)
	at org.testng.internal.TestMethodWorker.run(TestMethodWorker.java:112)
	at org.testng.TestRunner.privateRun(TestRunner.java:782)
	at org.testng.TestRunner.run(TestRunner.java:632)
	at org.testng.SuiteRunner.runTest(SuiteRunner.java:366)
	at org.testng.SuiteRunner.runSequentially(SuiteRunner.java:361)
	at org.testng.SuiteRunner.privateRun(SuiteRunner.java:319)
	at org.testng.SuiteRunner.run(SuiteRunner.java:268)
	at org.testng.SuiteRunnerWorker.runSuite(SuiteRunnerWorker.java:52)
	at org.testng.SuiteRunnerWorker.run(SuiteRunnerWorker.java:86)
	at org.testng.TestNG.runSuitesSequentially(TestNG.java:1244)
	at org.testng.TestNG.runSuitesLocally(TestNG.java:1169)
	at org.testng.TestNG.run(TestNG.java:1064)
	at org.testng.remote.RemoteTestNG.run(RemoteTestNG.java:113)
	at org.testng.remote.RemoteTestNG.initAndRun(RemoteTestNG.java:206)
	at org.testng.remote.RemoteTestNG.main(RemoteTestNG.java:177)
]]>
            </full-stacktrace>
          </exception> <!-- junit.framework.ComparisonFailure -->
          <reporter-output>
          </reporter-output>
        </test-method> <!-- loginPageTitleTest -->
        <test-method status="PASS" signature="closeBowser()[pri:0, instance:com.ap.ui.testcases.LoginTest@2f7c7260]" name="closeBowser" is-config="true" duration-ms="744" started-at="2019-05-19T13:28:16Z" finished-at="2019-05-19T13:28:16Z">
          <reporter-output>
          </reporter-output>
        </test-method> <!-- closeBowser -->
        <test-method status="PASS" signature="setupDriver()[pri:0, instance:com.ap.ui.testcases.LoginTest@2f7c7260]" name="setupDriver" is-config="true" duration-ms="5696" started-at="2019-05-19T13:28:16Z" finished-at="2019-05-19T13:28:22Z">
          <reporter-output>
          </reporter-output>
        </test-method> <!-- setupDriver -->
        <test-method status="PASS" signature="apLogoTest()[pri:2, instance:com.ap.ui.testcases.LoginTest@2f7c7260]" name="apLogoTest" duration-ms="107" started-at="2019-05-19T13:28:22Z" finished-at="2019-05-19T13:28:22Z">
          <reporter-output>
          </reporter-output>
        </test-method> <!-- apLogoTest -->
        <test-method status="PASS" signature="closeBowser()[pri:0, instance:com.ap.ui.testcases.LoginTest@2f7c7260]" name="closeBowser" is-config="true" duration-ms="768" started-at="2019-05-19T13:28:22Z" finished-at="2019-05-19T13:28:23Z">
          <reporter-output>
          </reporter-output>
        </test-method> <!-- closeBowser -->
        <test-method status="PASS" signature="setupDriver()[pri:0, instance:com.ap.ui.testcases.LoginTest@2f7c7260]" name="setupDriver" is-config="true" duration-ms="6049" started-at="2019-05-19T13:28:23Z" finished-at="2019-05-19T13:28:29Z">
          <reporter-output>
          </reporter-output>
        </test-method> <!-- setupDriver -->
        <test-method status="FAIL" signature="loginTest()[pri:3, instance:com.ap.ui.testcases.LoginTest@2f7c7260]" name="loginTest" duration-ms="21782" started-at="2019-05-19T13:28:29Z" finished-at="2019-05-19T13:28:51Z">
          <exception class="java.lang.NullPointerException">
            <full-stacktrace>
              <![CDATA[java.lang.NullPointerException
	at org.openqa.selenium.support.events.EventFiringWebDriver.extractInterfaces(EventFiringWebDriver.java:125)
	at org.openqa.selenium.support.events.EventFiringWebDriver.access$500(EventFiringWebDriver.java:70)
	at org.openqa.selenium.support.events.EventFiringWebDriver$EventFiringWebElement.<init>(EventFiringWebDriver.java:369)
	at org.openqa.selenium.support.events.EventFiringWebDriver$EventFiringWebElement.<init>(EventFiringWebDriver.java:361)
	at org.openqa.selenium.support.events.EventFiringWebDriver.createWebElement(EventFiringWebDriver.java:312)
	at org.openqa.selenium.support.events.EventFiringWebDriver.findElement(EventFiringWebDriver.java:195)
	at org.openqa.selenium.support.pagefactory.DefaultElementLocator.findElement(DefaultElementLocator.java:69)
	at org.openqa.selenium.support.pagefactory.internal.LocatingElementHandler.invoke(LocatingElementHandler.java:38)
	at com.sun.proxy.$Proxy10.sendKeys(Unknown Source)
	at com.ap.ui.pages.LoginPage.login(LoginPage.java:51)
	at com.ap.ui.testcases.LoginTest.loginTest(LoginTest.java:56)
	at sun.reflect.NativeMethodAccessorImpl.invoke0(Native Method)
	at sun.reflect.NativeMethodAccessorImpl.invoke(Unknown Source)
	at sun.reflect.DelegatingMethodAccessorImpl.invoke(Unknown Source)
	at java.lang.reflect.Method.invoke(Unknown Source)
	at org.testng.internal.MethodInvocationHelper.invokeMethod(MethodInvocationHelper.java:86)
	at org.testng.internal.Invoker.invokeMethod(Invoker.java:643)
	at org.testng.internal.Invoker.invokeTestMethod(Invoker.java:820)
	at org.testng.internal.Invoker.invokeTestMethods(Invoker.java:1128)
	at org.testng.internal.TestMethodWorker.invokeTestMethods(TestMethodWorker.java:129)
	at org.testng.internal.TestMethodWorker.run(TestMethodWorker.java:112)
	at org.testng.TestRunner.privateRun(TestRunner.java:782)
	at org.testng.TestRunner.run(TestRunner.java:632)
	at org.testng.SuiteRunner.runTest(SuiteRunner.java:366)
	at org.testng.SuiteRunner.runSequentially(SuiteRunner.java:361)
	at org.testng.SuiteRunner.privateRun(SuiteRunner.java:319)
	at org.testng.SuiteRunner.run(SuiteRunner.java:268)
	at org.testng.SuiteRunnerWorker.runSuite(SuiteRunnerWorker.java:52)
	at org.testng.SuiteRunnerWorker.run(SuiteRunnerWorker.java:86)
	at org.testng.TestNG.runSuitesSequentially(TestNG.java:1244)
	at org.testng.TestNG.runSuitesLocally(TestNG.java:1169)
	at org.testng.TestNG.run(TestNG.java:1064)
	at org.testng.remote.RemoteTestNG.run(RemoteTestNG.java:113)
	at org.testng.remote.RemoteTestNG.initAndRun(RemoteTestNG.java:206)
	at org.testng.remote.RemoteTestNG.main(RemoteTestNG.java:177)
]]>
            </full-stacktrace>
          </exception> <!-- java.lang.NullPointerException -->
          <reporter-output>
          </reporter-output>
        </test-method> <!-- loginTest -->
        <test-method status="PASS" signature="closeBowser()[pri:0, instance:com.ap.ui.testcases.LoginTest@2f7c7260]" name="closeBowser" is-config="true" duration-ms="714" started-at="2019-05-19T13:28:51Z" finished-at="2019-05-19T13:28:52Z">
          <reporter-output>
          </reporter-output>
        </test-method> <!-- closeBowser -->
      </class> <!-- com.ap.ui.testcases.LoginTest -->
    </test> <!-- Default test -->
  </suite> <!-- Default suite -->
</testng-results>
