<?xml version="1.0" encoding="UTF-8"?>
<!-- Generated by org.testng.reporters.JUnitXMLReporter -->
<testsuite hostname="Bastion" name="Automation Practice App Test Cases" tests="5" failures="2" timestamp="19 May 2019 13:55:42 GMT" time="35.038" errors="0">
  <testcase name="loginPageTitleTest" time="0.033" classname="com.ap.ui.testcases.LoginTest"/>
  <testcase name="apLogoTest" time="0.091" classname="com.ap.ui.testcases.LoginTest"/>
  <testcase name="loginTest" time="2.198" classname="com.ap.ui.testcases.LoginTest"/>
  <testcase name="testContact" time="0.0" classname="com.ap.ui.testcases.ContactTest">
    <failure type="java.lang.NullPointerException">
      <![CDATA[java.lang.NullPointerException
	at com.ap.ui.pages.HomePage.clickOnContactLink(HomePage.java:31)
	at com.ap.ui.testcases.ContactTest.testContact(ContactTest.java:34)
... Removed 24 stack frames]]>
    </failure>
  </testcase> <!-- testContact -->
  <testcase name="testSearchItem" time="0.001" classname="com.ap.ui.testcases.SearchItemTest">
    <failure type="java.lang.NullPointerException">
      <![CDATA[java.lang.NullPointerException
	at com.ap.ui.pages.HomePage.clickOnSignIn(HomePage.java:36)
	at com.ap.ui.testcases.SearchItemTest.testSearchItem(SearchItemTest.java:38)
... Removed 24 stack frames]]>
    </failure>
  </testcase> <!-- testSearchItem -->
</testsuite> <!-- Automation Practice App Test Cases -->
